Determining if the pthread_create exist failed with the following output:
Change Dir: /home/yllieroronnoc/ARGHRobotics/Robotics/ARGH_ws/build/CMakeFiles/CMakeTmp

Run Build Command:"/usr/bin/make" "cmTC_a78bf/fast"
/usr/bin/make -f CMakeFiles/cmTC_a78bf.dir/build.make CMakeFiles/cmTC_a78bf.dir/build
make[1]: Entering directory '/home/yllieroronnoc/ARGHRobotics/Robotics/ARGH_ws/build/CMakeFiles/CMakeTmp'
Building C object CMakeFiles/cmTC_a78bf.dir/CheckSymbolExists.c.o
/usr/bin/cc    -o CMakeFiles/cmTC_a78bf.dir/CheckSymbolExists.c.o   -c /home/yllieroronnoc/ARGHRobotics/Robotics/ARGH_ws/build/CMakeFiles/CMakeTmp/CheckSymbolExists.c
Linking C executable cmTC_a78bf
/usr/bin/cmake -E cmake_link_script CMakeFiles/cmTC_a78bf.dir/link.txt --verbose=1
/usr/bin/cc      -rdynamic CMakeFiles/cmTC_a78bf.dir/CheckSymbolExists.c.o  -o cmTC_a78bf 
CMakeFiles/cmTC_a78bf.dir/CheckSymbolExists.c.o: In function `main':
CheckSymbolExists.c:(.text+0x1b): undefined reference to `pthread_create'
collect2: error: ld returned 1 exit status
CMakeFiles/cmTC_a78bf.dir/build.make:97: recipe for target 'cmTC_a78bf' failed
make[1]: *** [cmTC_a78bf] Error 1
make[1]: Leaving directory '/home/yllieroronnoc/ARGHRobotics/Robotics/ARGH_ws/build/CMakeFiles/CMakeTmp'
Makefile:126: recipe for target 'cmTC_a78bf/fast' failed
make: *** [cmTC_a78bf/fast] Error 2

File /home/yllieroronnoc/ARGHRobotics/Robotics/ARGH_ws/build/CMakeFiles/CMakeTmp/CheckSymbolExists.c:
/* */
#include <pthread.h>

int main(int argc, char** argv)
{
  (void)argv;
#ifndef pthread_create
  return ((int*)(&pthread_create))[argc];
#else
  (void)argc;
  return 0;
#endif
}

Determining if the function pthread_create exists in the pthreads failed with the following output:
Change Dir: /home/yllieroronnoc/ARGHRobotics/Robotics/ARGH_ws/build/CMakeFiles/CMakeTmp

Run Build Command:"/usr/bin/make" "cmTC_22d44/fast"
/usr/bin/make -f CMakeFiles/cmTC_22d44.dir/build.make CMakeFiles/cmTC_22d44.dir/build
make[1]: Entering directory '/home/yllieroronnoc/ARGHRobotics/Robotics/ARGH_ws/build/CMakeFiles/CMakeTmp'
Building C object CMakeFiles/cmTC_22d44.dir/CheckFunctionExists.c.o
/usr/bin/cc   -DCHECK_FUNCTION_EXISTS=pthread_create   -o CMakeFiles/cmTC_22d44.dir/CheckFunctionExists.c.o   -c /usr/share/cmake-3.10/Modules/CheckFunctionExists.c
Linking C executable cmTC_22d44
/usr/bin/cmake -E cmake_link_script CMakeFiles/cmTC_22d44.dir/link.txt --verbose=1
/usr/bin/cc  -DCHECK_FUNCTION_EXISTS=pthread_create    -rdynamic CMakeFiles/cmTC_22d44.dir/CheckFunctionExists.c.o  -o cmTC_22d44 -lpthreads 
/usr/bin/ld: cannot find -lpthreads
collect2: error: ld returned 1 exit status
CMakeFiles/cmTC_22d44.dir/build.make:97: recipe for target 'cmTC_22d44' failed
make[1]: *** [cmTC_22d44] Error 1
make[1]: Leaving directory '/home/yllieroronnoc/ARGHRobotics/Robotics/ARGH_ws/build/CMakeFiles/CMakeTmp'
Makefile:126: recipe for target 'cmTC_22d44/fast' failed
make: *** [cmTC_22d44/fast] Error 2


